$ ./make_addon.sh 
Cleaing old build...
rm: Blender-FLIP-Fluids: No such file or directory
rm: flip_fluids_addon.zip: No such file or directory
Downloading...
Cloning into 'Blender-FLIP-Fluids'...
remote: Enumerating objects: 276, done.
remote: Counting objects: 100% (276/276), done.
remote: Compressing objects: 100% (207/207), done.
remote: Total 620 (delta 92), reused 237 (delta 63), pack-reused 344
Receiving objects: 100% (620/620), 11.97 MiB | 5.52 MiB/s, done.
Resolving deltas: 100% (194/194), done.
Making...
-- The C compiler identification is AppleClang 10.0.0.10001044
-- The CXX compiler identification is AppleClang 10.0.0.10001044
-- Check for working C compiler: /Library/Developer/CommandLineTools/usr/bin/cc
-- Check for working C compiler: /Library/Developer/CommandLineTools/usr/bin/cc -- works
-- Detecting C compiler ABI info
-- Detecting C compiler ABI info - done
-- Detecting C compile features
-- Detecting C compile features - done
-- Check for working CXX compiler: /Library/Developer/CommandLineTools/usr/bin/c++
-- Check for working CXX compiler: /Library/Developer/CommandLineTools/usr/bin/c++ -- works
-- Detecting CXX compiler ABI info
-- Detecting CXX compiler ABI info - done
-- Detecting CXX compile features
-- Detecting CXX compile features - done
-- Configuring done
-- Generating done
-- Build files have been written to: /Users/douira/Documents/dev/make-fluid-addon/Blender-FLIP-Fluids
Scanning dependencies of target objects
[  2%] Building CXX object CMakeFiles/objects.dir/src/engine/aabb.cpp.o
[  4%] Building CXX object CMakeFiles/objects.dir/src/engine/c_bindings/cbindings.cpp.o
[  6%] Building CXX object CMakeFiles/objects.dir/src/engine/c_bindings/fluidsimulation_c.cpp.o
[  8%] Building CXX object CMakeFiles/objects.dir/src/engine/c_bindings/meshfluidsource_c.cpp.o
[ 10%] Building CXX object CMakeFiles/objects.dir/src/engine/c_bindings/meshobject_c.cpp.o
[ 12%] Building CXX object CMakeFiles/objects.dir/src/engine/c_bindings/openclutils_c.cpp.o
[ 14%] Building CXX object CMakeFiles/objects.dir/src/engine/clscalarfield.cpp.o
[ 16%] Building CXX object CMakeFiles/objects.dir/src/engine/collision.cpp.o
[ 18%] Building CXX object CMakeFiles/objects.dir/src/engine/diffuseparticlesimulation.cpp.o
[ 20%] Building CXX object CMakeFiles/objects.dir/src/engine/fluidmaterialgrid.cpp.o
[ 22%] Building CXX object CMakeFiles/objects.dir/src/engine/fluidsimulation.cpp.o
[ 25%] Building CXX object CMakeFiles/objects.dir/src/engine/gridindexkeymap.cpp.o
[ 27%] Building CXX object CMakeFiles/objects.dir/src/engine/gridindexvector.cpp.o
[ 29%] Building CXX object CMakeFiles/objects.dir/src/engine/gridutils.cpp.o
[ 31%] Building CXX object CMakeFiles/objects.dir/src/engine/influencegrid.cpp.o
[ 33%] Building CXX object CMakeFiles/objects.dir/src/engine/interpolation.cpp.o
[ 35%] Building CXX object CMakeFiles/objects.dir/src/engine/kernels/kernels.cpp.o
[ 37%] Building CXX object CMakeFiles/objects.dir/src/engine/levelsetsolver.cpp.o
[ 39%] Building CXX object CMakeFiles/objects.dir/src/engine/levelsetutils.cpp.o
[ 41%] Building CXX object CMakeFiles/objects.dir/src/engine/logfile.cpp.o
[ 43%] Building CXX object CMakeFiles/objects.dir/src/engine/macvelocityfield.cpp.o
[ 45%] Building CXX object CMakeFiles/objects.dir/src/engine/main.cpp.o
[ 47%] Building CXX object CMakeFiles/objects.dir/src/engine/meshfluidsource.cpp.o
[ 50%] Building CXX object CMakeFiles/objects.dir/src/engine/meshlevelset.cpp.o
[ 52%] Building CXX object CMakeFiles/objects.dir/src/engine/meshobject.cpp.o
[ 54%] Building CXX object CMakeFiles/objects.dir/src/engine/meshutils.cpp.o
[ 56%] Building CXX object CMakeFiles/objects.dir/src/engine/opencl_bindings/clcpp.cpp.o
[ 58%] Building CXX object CMakeFiles/objects.dir/src/engine/openclutils.cpp.o
[ 60%] Building CXX object CMakeFiles/objects.dir/src/engine/particleadvector.cpp.o
[ 62%] Building CXX object CMakeFiles/objects.dir/src/engine/particlelevelset.cpp.o
[ 64%] Building CXX object CMakeFiles/objects.dir/src/engine/particlemaskgrid.cpp.o
[ 66%] Building CXX object CMakeFiles/objects.dir/src/engine/particlemesher.cpp.o
[ 68%] Building CXX object CMakeFiles/objects.dir/src/engine/particlesheeter.cpp.o
[ 70%] Building CXX object CMakeFiles/objects.dir/src/engine/polygonizer3d.cpp.o
[ 72%] Building CXX object CMakeFiles/objects.dir/src/engine/pressuresolver.cpp.o
[ 75%] Building CXX object CMakeFiles/objects.dir/src/engine/scalarfield.cpp.o
[ 77%] Building CXX object CMakeFiles/objects.dir/src/engine/spatialpointgrid.cpp.o
[ 79%] Building CXX object CMakeFiles/objects.dir/src/engine/stopwatch.cpp.o
[ 81%] Building CXX object CMakeFiles/objects.dir/src/engine/threadutils.cpp.o
[ 83%] Building CXX object CMakeFiles/objects.dir/src/engine/trianglemesh.cpp.o
[ 85%] Building CXX object CMakeFiles/objects.dir/src/engine/turbulencefield.cpp.o
[ 87%] Building CXX object CMakeFiles/objects.dir/src/engine/velocityadvector.cpp.o
[ 89%] Building CXX object CMakeFiles/objects.dir/src/engine/versionutils.cpp.o
[ 91%] Building CXX object CMakeFiles/objects.dir/src/engine/viscositysolver.cpp.o
[ 93%] Building CXX object CMakeFiles/objects.dir/src/engine/vmath.cpp.o
[ 93%] Built target objects
Scanning dependencies of target blpyfluid
[ 95%] Linking CXX shared library bl_flip_fluids/flip_fluids_addon/pyfluid/lib/libblpyfluid.dylib
[ 95%] Built target blpyfluid
Scanning dependencies of target bl_flip_fluids
[ 97%] Linking CXX executable bl_flip_fluids/test/engine_test
[ 97%] Built target bl_flip_fluids
Scanning dependencies of target pyfluid
[100%] Linking CXX shared library bl_flip_fluids/pyfluid/lib/libpyfluid.dylib
[100%] Built target pyfluid
Preparing as add-on...
  adding: flip_fluids_addon/ (stored 0%)
  adding: flip_fluids_addon/ui/ (stored 0%)
  adding: flip_fluids_addon/ui/domain_world_ui.py (deflated 74%)
  adding: flip_fluids_addon/ui/domain_display_ui.py (deflated 81%)
  adding: flip_fluids_addon/ui/domain_whitewater_ui.py (deflated 80%)
  adding: flip_fluids_addon/ui/domain_stats_ui.py (deflated 86%)
  adding: flip_fluids_addon/ui/inflow_ui.py (deflated 68%)
  adding: flip_fluids_addon/ui/domain_debug_ui.py (deflated 73%)
  adding: flip_fluids_addon/ui/outflow_ui.py (deflated 62%)
  adding: flip_fluids_addon/ui/domain_cache_ui.py (deflated 62%)
  adding: flip_fluids_addon/ui/__init__.py (deflated 65%)
  adding: flip_fluids_addon/ui/domain_advanced_ui.py (deflated 64%)
  adding: flip_fluids_addon/ui/domain_simulation_ui.py (deflated 77%)
  adding: flip_fluids_addon/ui/domain_surface_ui.py (deflated 69%)
  adding: flip_fluids_addon/ui/helper_ui.py (deflated 73%)
  adding: flip_fluids_addon/ui/obstacle_ui.py (deflated 63%)
  adding: flip_fluids_addon/ui/domain_materials_ui.py (deflated 57%)
  adding: flip_fluids_addon/ui/none_ui.py (deflated 51%)
  adding: flip_fluids_addon/ui/domain_ui.py (deflated 67%)
  adding: flip_fluids_addon/ui/fluid_ui.py (deflated 68%)
  adding: flip_fluids_addon/ui/cache_object_ui.py (deflated 83%)
  adding: flip_fluids_addon/ui/domain_presets_ui.py (deflated 78%)
  adding: flip_fluids_addon/bake.py (deflated 84%)
  adding: flip_fluids_addon/materials/ (stored 0%)
  adding: flip_fluids_addon/materials/LICENSE.md (deflated 58%)
  adding: flip_fluids_addon/materials/material_library.py (deflated 72%)
  adding: flip_fluids_addon/materials/__init__.py (deflated 51%)
  adding: flip_fluids_addon/operators/ (stored 0%)
  adding: flip_fluids_addon/operators/object_operators.py (deflated 59%)
  adding: flip_fluids_addon/operators/preferences_operators.py (deflated 74%)
  adding: flip_fluids_addon/operators/error_operators.py (deflated 59%)
  adding: flip_fluids_addon/operators/bake_operators.py (deflated 83%)
  adding: flip_fluids_addon/operators/__init__.py (deflated 67%)
  adding: flip_fluids_addon/operators/preset_operators.py (deflated 90%)
  adding: flip_fluids_addon/operators/material_operators.py (deflated 74%)
  adding: flip_fluids_addon/operators/export_operators.py (deflated 78%)
  adding: flip_fluids_addon/operators/cache_operators.py (deflated 83%)
  adding: flip_fluids_addon/operators/draw_operators.py (deflated 81%)
  adding: flip_fluids_addon/operators/render_operators.py (deflated 75%)
  adding: flip_fluids_addon/operators/helper_operators.py (deflated 82%)
  adding: flip_fluids_addon/render.py (deflated 82%)
  adding: flip_fluids_addon/resources/ (stored 0%)
  adding: flip_fluids_addon/resources/version_data/ (stored 0%)
  adding: flip_fluids_addon/resources/version_data/versions.json (deflated 65%)
  adding: flip_fluids_addon/resources/example_scene_data/ (stored 0%)
  adding: flip_fluids_addon/resources/example_scene_data/viscous_net/ (stored 0%)
  adding: flip_fluids_addon/resources/example_scene_data/viscous_net/flipdata.sim (deflated 17%)
  adding: flip_fluids_addon/resources/example_scene_data/LICENSE.md (deflated 59%)
  adding: flip_fluids_addon/resources/example_scene_data/fluid_in_an_invisible_box/ (stored 0%)
  adding: flip_fluids_addon/resources/example_scene_data/fluid_in_an_invisible_box/flipdata.sim (deflated 66%)
  adding: flip_fluids_addon/resources/example_scene_data/lighthouse/ (stored 0%)
  adding: flip_fluids_addon/resources/example_scene_data/lighthouse/flipdata.sim (deflated 6%)
  adding: flip_fluids_addon/resources/example_scene_data/cascading_water_feature/ (stored 0%)
  adding: flip_fluids_addon/resources/example_scene_data/cascading_water_feature/flipdata.sim (deflated 7%)
  adding: flip_fluids_addon/source/ (stored 0%)
  adding: flip_fluids_addon/source/CMakeLists.txt (deflated 63%)
  adding: flip_fluids_addon/source/README.md (deflated 68%)
  adding: flip_fluids_addon/source/LICENSE_Standard_Royalty_Free.md (deflated 51%)
  adding: flip_fluids_addon/source/.gitignore (deflated 28%)
  adding: flip_fluids_addon/source/LICENSE_MIT.md (deflated 41%)
  adding: flip_fluids_addon/source/LICENSE_GPLv3.md (deflated 66%)
  adding: flip_fluids_addon/source/src/ (stored 0%)
  adding: flip_fluids_addon/source/src/addon/ (stored 0%)
  adding: flip_fluids_addon/source/src/addon/ui/ (stored 0%)
  adding: flip_fluids_addon/source/src/addon/ui/domain_world_ui.py (deflated 74%)
  adding: flip_fluids_addon/source/src/addon/ui/domain_display_ui.py (deflated 81%)
  adding: flip_fluids_addon/source/src/addon/ui/domain_whitewater_ui.py (deflated 80%)
  adding: flip_fluids_addon/source/src/addon/ui/domain_stats_ui.py (deflated 86%)
  adding: flip_fluids_addon/source/src/addon/ui/inflow_ui.py (deflated 68%)
  adding: flip_fluids_addon/source/src/addon/ui/domain_debug_ui.py (deflated 73%)
  adding: flip_fluids_addon/source/src/addon/ui/outflow_ui.py (deflated 62%)
  adding: flip_fluids_addon/source/src/addon/ui/domain_cache_ui.py (deflated 62%)
  adding: flip_fluids_addon/source/src/addon/ui/__init__.py (deflated 65%)
  adding: flip_fluids_addon/source/src/addon/ui/domain_advanced_ui.py (deflated 64%)
  adding: flip_fluids_addon/source/src/addon/ui/domain_simulation_ui.py (deflated 77%)
  adding: flip_fluids_addon/source/src/addon/ui/domain_surface_ui.py (deflated 69%)
  adding: flip_fluids_addon/source/src/addon/ui/helper_ui.py (deflated 73%)
  adding: flip_fluids_addon/source/src/addon/ui/obstacle_ui.py (deflated 63%)
  adding: flip_fluids_addon/source/src/addon/ui/domain_materials_ui.py (deflated 57%)
  adding: flip_fluids_addon/source/src/addon/ui/none_ui.py (deflated 51%)
  adding: flip_fluids_addon/source/src/addon/ui/domain_ui.py (deflated 67%)
  adding: flip_fluids_addon/source/src/addon/ui/fluid_ui.py (deflated 68%)
  adding: flip_fluids_addon/source/src/addon/ui/cache_object_ui.py (deflated 83%)
  adding: flip_fluids_addon/source/src/addon/ui/domain_presets_ui.py (deflated 78%)
  adding: flip_fluids_addon/source/src/addon/bake.py (deflated 84%)
  adding: flip_fluids_addon/source/src/addon/materials/ (stored 0%)
  adding: flip_fluids_addon/source/src/addon/materials/LICENSE.md (deflated 58%)
  adding: flip_fluids_addon/source/src/addon/materials/material_library.py (deflated 72%)
  adding: flip_fluids_addon/source/src/addon/materials/__init__.py (deflated 51%)
  adding: flip_fluids_addon/source/src/addon/operators/ (stored 0%)
  adding: flip_fluids_addon/source/src/addon/operators/object_operators.py (deflated 59%)
  adding: flip_fluids_addon/source/src/addon/operators/preferences_operators.py (deflated 74%)
  adding: flip_fluids_addon/source/src/addon/operators/error_operators.py (deflated 59%)
  adding: flip_fluids_addon/source/src/addon/operators/bake_operators.py (deflated 83%)
  adding: flip_fluids_addon/source/src/addon/operators/__init__.py (deflated 67%)
  adding: flip_fluids_addon/source/src/addon/operators/preset_operators.py (deflated 90%)
  adding: flip_fluids_addon/source/src/addon/operators/material_operators.py (deflated 74%)
  adding: flip_fluids_addon/source/src/addon/operators/export_operators.py (deflated 78%)
  adding: flip_fluids_addon/source/src/addon/operators/cache_operators.py (deflated 83%)
  adding: flip_fluids_addon/source/src/addon/operators/draw_operators.py (deflated 81%)
  adding: flip_fluids_addon/source/src/addon/operators/render_operators.py (deflated 75%)
  adding: flip_fluids_addon/source/src/addon/operators/helper_operators.py (deflated 82%)
  adding: flip_fluids_addon/source/src/addon/render.py (deflated 82%)
  adding: flip_fluids_addon/source/src/addon/resources/ (stored 0%)
  adding: flip_fluids_addon/source/src/addon/resources/version_data/ (stored 0%)
  adding: flip_fluids_addon/source/src/addon/resources/version_data/versions.json (deflated 65%)
  adding: flip_fluids_addon/source/src/addon/resources/example_scene_data/ (stored 0%)
  adding: flip_fluids_addon/source/src/addon/resources/example_scene_data/viscous_net/ (stored 0%)
  adding: flip_fluids_addon/source/src/addon/resources/example_scene_data/viscous_net/flipdata.sim (deflated 17%)
  adding: flip_fluids_addon/source/src/addon/resources/example_scene_data/LICENSE.md (deflated 59%)
  adding: flip_fluids_addon/source/src/addon/resources/example_scene_data/fluid_in_an_invisible_box/ (stored 0%)
  adding: flip_fluids_addon/source/src/addon/resources/example_scene_data/fluid_in_an_invisible_box/flipdata.sim (deflated 66%)
  adding: flip_fluids_addon/source/src/addon/resources/example_scene_data/lighthouse/ (stored 0%)
  adding: flip_fluids_addon/source/src/addon/resources/example_scene_data/lighthouse/flipdata.sim (deflated 6%)
  adding: flip_fluids_addon/source/src/addon/resources/example_scene_data/cascading_water_feature/ (stored 0%)
  adding: flip_fluids_addon/source/src/addon/resources/example_scene_data/cascading_water_feature/flipdata.sim (deflated 7%)
  adding: flip_fluids_addon/source/src/addon/__init__.py (deflated 71%)
  adding: flip_fluids_addon/source/src/addon/objects/ (stored 0%)
  adding: flip_fluids_addon/source/src/addon/objects/flip_fluid_map.py (deflated 59%)
  adding: flip_fluids_addon/source/src/addon/objects/flip_fluid_material_library.py (deflated 75%)
  adding: flip_fluids_addon/source/src/addon/objects/flip_fluid_preset_stack.py (deflated 79%)
  adding: flip_fluids_addon/source/src/addon/objects/flip_fluid_cache.py (deflated 84%)
  adding: flip_fluids_addon/source/src/addon/objects/flip_fluid_aabb.py (deflated 64%)
  adding: flip_fluids_addon/source/src/addon/objects/flip_fluid_mesh_exporter.py (deflated 83%)
  adding: flip_fluids_addon/source/src/addon/objects/__init__.py (deflated 58%)
  adding: flip_fluids_addon/source/src/addon/utils/ (stored 0%)
  adding: flip_fluids_addon/source/src/addon/utils/export_utils.py (deflated 82%)
  adding: flip_fluids_addon/source/src/addon/utils/__init__.py (deflated 47%)
  adding: flip_fluids_addon/source/src/addon/utils/ui_utils.py (deflated 67%)
  adding: flip_fluids_addon/source/src/addon/utils/version_compatibility_utils.py (deflated 77%)
  adding: flip_fluids_addon/source/src/addon/utils/preset_utils.py (deflated 70%)
  adding: flip_fluids_addon/source/src/addon/types.py (deflated 64%)
  adding: flip_fluids_addon/source/src/addon/export.py (deflated 77%)
  adding: flip_fluids_addon/source/src/addon/__init__.py.in (deflated 71%)
  adding: flip_fluids_addon/source/src/addon/properties/ (stored 0%)
  adding: flip_fluids_addon/source/src/addon/properties/domain_whitewater_properties.py (deflated 81%)
  adding: flip_fluids_addon/source/src/addon/properties/custom_properties.py (deflated 70%)
  adding: flip_fluids_addon/source/src/addon/properties/domain_materials_properties.py (deflated 82%)
  adding: flip_fluids_addon/source/src/addon/properties/material_properties.py (deflated 67%)
  adding: flip_fluids_addon/source/src/addon/properties/domain_world_properties.py (deflated 74%)
  adding: flip_fluids_addon/source/src/addon/properties/helper_properties.py (deflated 57%)
  adding: flip_fluids_addon/source/src/addon/properties/outflow_properties.py (deflated 66%)
  adding: flip_fluids_addon/source/src/addon/properties/__init__.py (deflated 66%)
  adding: flip_fluids_addon/source/src/addon/properties/domain_stats_properties.py (deflated 83%)
  adding: flip_fluids_addon/source/src/addon/properties/fluid_properties.py (deflated 71%)
  adding: flip_fluids_addon/source/src/addon/properties/inflow_properties.py (deflated 70%)
  adding: flip_fluids_addon/source/src/addon/properties/domain_debug_properties.py (deflated 80%)
  adding: flip_fluids_addon/source/src/addon/properties/preset_properties.py (deflated 85%)
  adding: flip_fluids_addon/source/src/addon/properties/preferences_properties.py (deflated 70%)
  adding: flip_fluids_addon/source/src/addon/properties/domain_cache_properties.py (deflated 72%)
  adding: flip_fluids_addon/source/src/addon/properties/domain_render_properties.py (deflated 84%)
  adding: flip_fluids_addon/source/src/addon/properties/flip_fluid_properties.py (deflated 74%)
  adding: flip_fluids_addon/source/src/addon/properties/obstacle_properties.py (deflated 67%)
  adding: flip_fluids_addon/source/src/addon/properties/domain_simulation_properties.py (deflated 79%)
  adding: flip_fluids_addon/source/src/addon/properties/domain_presets_properties.py (deflated 77%)
  adding: flip_fluids_addon/source/src/addon/properties/object_properties.py (deflated 80%)
  adding: flip_fluids_addon/source/src/addon/properties/domain_bake_properties.py (deflated 71%)
  adding: flip_fluids_addon/source/src/addon/properties/domain_advanced_properties.py (deflated 73%)
  adding: flip_fluids_addon/source/src/addon/properties/domain_surface_properties.py (deflated 73%)
  adding: flip_fluids_addon/source/src/addon/properties/domain_properties.py (deflated 80%)
  adding: flip_fluids_addon/source/src/addon/icons/ (stored 0%)
  adding: flip_fluids_addon/source/src/addon/icons/flip_fluids_logo.png (stored 0%)
  adding: flip_fluids_addon/source/src/addon/exit_handler.py (deflated 56%)
  adding: flip_fluids_addon/source/src/addon/presets/ (stored 0%)
  adding: flip_fluids_addon/source/src/addon/presets/__init__.py (deflated 49%)
  adding: flip_fluids_addon/source/src/addon/presets/preset_library.py (deflated 82%)
  adding: flip_fluids_addon/source/src/engine/ (stored 0%)
  adding: flip_fluids_addon/source/src/engine/fluidsimassert.h (deflated 49%)
  adding: flip_fluids_addon/source/src/engine/polygonizer3d.cpp (deflated 81%)
  adding: flip_fluids_addon/source/src/engine/velocityadvector.h (deflated 70%)
  adding: flip_fluids_addon/source/src/engine/trianglemesh.cpp (deflated 79%)
  adding: flip_fluids_addon/source/src/engine/meshobject.h (deflated 71%)
  adding: flip_fluids_addon/source/src/engine/logfile.h (deflated 55%)
  adding: flip_fluids_addon/source/src/engine/kernels/ (stored 0%)
  adding: flip_fluids_addon/source/src/engine/kernels/kernels.h (deflated 41%)
  adding: flip_fluids_addon/source/src/engine/kernels/trilinearinterpolate.cl (deflated 77%)
  adding: flip_fluids_addon/source/src/engine/kernels/scalarfield.cl (deflated 83%)
  adding: flip_fluids_addon/source/src/engine/kernels/kernels.cpp (deflated 85%)
  adding: flip_fluids_addon/source/src/engine/kernels/kernels.cpp.in (deflated 41%)
  adding: flip_fluids_addon/source/src/engine/diffuseparticlesimulation.h (deflated 77%)
  adding: flip_fluids_addon/source/src/engine/threadutils.cpp (deflated 55%)
  adding: flip_fluids_addon/source/src/engine/mingw32_threads/ (stored 0%)
  adding: flip_fluids_addon/source/src/engine/mingw32_threads/LICENSE (deflated 48%)
  adding: flip_fluids_addon/source/src/engine/mingw32_threads/mingw.condition_variable.h (deflated 69%)
  adding: flip_fluids_addon/source/src/engine/mingw32_threads/mingw.thread.h (deflated 63%)
  adding: flip_fluids_addon/source/src/engine/mingw32_threads/mingw.mutex.h (deflated 70%)
  adding: flip_fluids_addon/source/src/engine/openclutils.cpp (deflated 59%)
  adding: flip_fluids_addon/source/src/engine/fluidmaterialgrid.cpp (deflated 82%)
  adding: flip_fluids_addon/source/src/engine/clscalarfield.cpp (deflated 86%)
  adding: flip_fluids_addon/source/src/engine/gridutils.cpp (deflated 79%)
  adding: flip_fluids_addon/source/src/engine/pressuresolver.cpp (deflated 85%)
  adding: flip_fluids_addon/source/src/engine/meshutils.cpp (deflated 79%)
  adding: flip_fluids_addon/source/src/engine/influencegrid.cpp (deflated 67%)
  adding: flip_fluids_addon/source/src/engine/pcgsolver/ (stored 0%)
  adding: flip_fluids_addon/source/src/engine/pcgsolver/sparsematrix.h (deflated 72%)
  adding: flip_fluids_addon/source/src/engine/pcgsolver/blaswrapper.h (deflated 74%)
  adding: flip_fluids_addon/source/src/engine/pcgsolver/pcgsolver.h (deflated 71%)
  adding: flip_fluids_addon/source/src/engine/particlelevelset.cpp (deflated 81%)
  adding: flip_fluids_addon/source/src/engine/spatialpointgrid.h (deflated 75%)
  adding: flip_fluids_addon/source/src/engine/blockarray3d.h (deflated 72%)
  adding: flip_fluids_addon/source/src/engine/interpolation.h (deflated 53%)
  adding: flip_fluids_addon/source/src/engine/gridindexvector.h (deflated 66%)
  adding: flip_fluids_addon/source/src/engine/markerparticle.h (deflated 49%)
  adding: flip_fluids_addon/source/src/engine/collision.h (deflated 72%)
  adding: flip_fluids_addon/source/src/engine/openclutils.h (deflated 45%)
  adding: flip_fluids_addon/source/src/engine/viscositysolver.h (deflated 73%)
  adding: flip_fluids_addon/source/src/engine/levelsetutils.h (deflated 65%)
  adding: flip_fluids_addon/source/src/engine/particlesheeter.h (deflated 73%)
  adding: flip_fluids_addon/source/src/engine/scalarfield.h (deflated 68%)
  adding: flip_fluids_addon/source/src/engine/spatialpointgrid.cpp (deflated 85%)
  adding: flip_fluids_addon/source/src/engine/clscalarfield.h (deflated 82%)
  adding: flip_fluids_addon/source/src/engine/aabb.cpp (deflated 77%)
  adding: flip_fluids_addon/source/src/engine/boundedbuffer.h (deflated 70%)
  adding: flip_fluids_addon/source/src/engine/gridindexkeymap.h (deflated 53%)
  adding: flip_fluids_addon/source/src/engine/arrayview3d.h (deflated 80%)
  adding: flip_fluids_addon/source/src/engine/particlemaskgrid.h (deflated 49%)
  adding: flip_fluids_addon/source/src/engine/versionutils.h (deflated 46%)
  adding: flip_fluids_addon/source/src/engine/logfile.cpp (deflated 66%)
  adding: flip_fluids_addon/source/src/engine/pressuresolver.h (deflated 67%)
  adding: flip_fluids_addon/source/src/engine/levelsetsolver.cpp (deflated 71%)
  adding: flip_fluids_addon/source/src/engine/diffuseparticle.h (deflated 50%)
  adding: flip_fluids_addon/source/src/engine/polygonizer3d.h (deflated 59%)
  adding: flip_fluids_addon/source/src/engine/meshlevelset.cpp (deflated 83%)
  adding: flip_fluids_addon/source/src/engine/meshfluidsource.h (deflated 63%)
  adding: flip_fluids_addon/source/src/engine/interpolation.cpp (deflated 72%)
  adding: flip_fluids_addon/source/src/engine/levelsetutils.cpp (deflated 77%)
  adding: flip_fluids_addon/source/src/engine/fluidmaterialgrid.h (deflated 71%)
  adding: flip_fluids_addon/source/src/engine/versionutils.cpp.in (deflated 50%)
  adding: flip_fluids_addon/source/src/engine/gridindexkeymap.cpp (deflated 53%)
  adding: flip_fluids_addon/source/src/engine/threadutils.h (deflated 51%)
  adding: flip_fluids_addon/source/src/engine/c_bindings/ (stored 0%)
  adding: flip_fluids_addon/source/src/engine/c_bindings/gridindex_c.h (deflated 41%)
  adding: flip_fluids_addon/source/src/engine/c_bindings/markerparticle_c.h (deflated 41%)
  adding: flip_fluids_addon/source/src/engine/c_bindings/meshobject_c.cpp (deflated 79%)
  adding: flip_fluids_addon/source/src/engine/c_bindings/fluidsimulation_c.cpp (deflated 93%)
  adding: flip_fluids_addon/source/src/engine/c_bindings/cbindings.cpp (deflated 58%)
  adding: flip_fluids_addon/source/src/engine/c_bindings/openclutils_c.cpp (deflated 56%)
  adding: flip_fluids_addon/source/src/engine/c_bindings/aabb_c.h (deflated 41%)
  adding: flip_fluids_addon/source/src/engine/c_bindings/diffuseparticle_c.h (deflated 41%)
  adding: flip_fluids_addon/source/src/engine/c_bindings/meshfluidsource_c.cpp (deflated 83%)
  adding: flip_fluids_addon/source/src/engine/c_bindings/cbindings.h (deflated 73%)
  adding: flip_fluids_addon/source/src/engine/c_bindings/vector3_c.h (deflated 41%)
  adding: flip_fluids_addon/source/src/engine/turbulencefield.h (deflated 55%)
  adding: flip_fluids_addon/source/src/engine/opencl_bindings/ (stored 0%)
  adding: flip_fluids_addon/source/src/engine/opencl_bindings/clcpp.h (deflated 76%)
  adding: flip_fluids_addon/source/src/engine/opencl_bindings/clcpp.cpp (deflated 80%)
  adding: flip_fluids_addon/source/src/engine/viscositysolver.cpp (deflated 86%)
  adding: flip_fluids_addon/source/src/engine/macvelocityfield.cpp (deflated 83%)
  adding: flip_fluids_addon/source/src/engine/macvelocityfield.h (deflated 71%)
  adding: flip_fluids_addon/source/src/engine/particleadvector.h (deflated 77%)
  adding: flip_fluids_addon/source/src/engine/stopwatch.h (deflated 44%)
  adding: flip_fluids_addon/source/src/engine/particlemesher.h (deflated 69%)
  adding: flip_fluids_addon/source/src/engine/glibc_version_header/ (stored 0%)
  adding: flip_fluids_addon/source/src/engine/glibc_version_header/LICENSE.md (deflated 41%)
  adding: flip_fluids_addon/source/src/engine/glibc_version_header/force_link_glibc_2.5.h (deflated 89%)
  adding: flip_fluids_addon/source/src/engine/meshobject.cpp (deflated 79%)
  adding: flip_fluids_addon/source/src/engine/meshutils.h (deflated 66%)
  adding: flip_fluids_addon/source/src/engine/fluidsimulation.h (deflated 78%)
  adding: flip_fluids_addon/source/src/engine/pyfluid/ (stored 0%)
  adding: flip_fluids_addon/source/src/engine/pyfluid/meshobject.py (deflated 78%)
  adding: flip_fluids_addon/source/src/engine/pyfluid/trianglemesh.py (deflated 67%)
  adding: flip_fluids_addon/source/src/engine/pyfluid/__init__.py (deflated 46%)
  adding: flip_fluids_addon/source/src/engine/pyfluid/vector3.py (deflated 72%)
  adding: flip_fluids_addon/source/src/engine/pyfluid/gridindex.py (deflated 60%)
  adding: flip_fluids_addon/source/src/engine/pyfluid/aabb.py (deflated 73%)
  adding: flip_fluids_addon/source/src/engine/pyfluid/array3d.py (deflated 67%)
  adding: flip_fluids_addon/source/src/engine/pyfluid/pybindings.py (deflated 51%)
  adding: flip_fluids_addon/source/src/engine/pyfluid/method_decorators.py (deflated 74%)
  adding: flip_fluids_addon/source/src/engine/pyfluid/pyfluid.py (deflated 54%)
  adding: flip_fluids_addon/source/src/engine/pyfluid/gpu_utils.py (deflated 53%)
  adding: flip_fluids_addon/source/src/engine/pyfluid/meshfluidsource.py (deflated 82%)
  adding: flip_fluids_addon/source/src/engine/pyfluid/fluidsimulation.py (deflated 91%)
  adding: flip_fluids_addon/source/src/engine/triangle.h (deflated 44%)
  adding: flip_fluids_addon/source/src/engine/fluidsimulation.cpp (deflated 86%)
  adding: flip_fluids_addon/source/src/engine/levelsetsolver.h (deflated 65%)
  adding: flip_fluids_addon/source/src/engine/particlemaskgrid.cpp (deflated 64%)
  adding: flip_fluids_addon/source/src/engine/vmath.cpp (deflated 77%)
  adding: flip_fluids_addon/source/src/engine/particleadvector.cpp (deflated 83%)
  adding: flip_fluids_addon/source/src/engine/array3d.h (deflated 82%)
  adding: flip_fluids_addon/source/src/engine/velocityadvector.cpp (deflated 78%)
  adding: flip_fluids_addon/source/src/engine/subdividedarray3d.h (deflated 68%)
  adding: flip_fluids_addon/source/src/engine/influencegrid.h (deflated 51%)
  adding: flip_fluids_addon/source/src/engine/diffuseparticlesimulation.cpp (deflated 85%)
  adding: flip_fluids_addon/source/src/engine/particlemesher.cpp (deflated 80%)
  adding: flip_fluids_addon/source/src/engine/versionutils.cpp (deflated 48%)
  adding: flip_fluids_addon/source/src/engine/gridutils.h (deflated 55%)
  adding: flip_fluids_addon/source/src/engine/trianglemesh.h (deflated 65%)
  adding: flip_fluids_addon/source/src/engine/main.cpp (deflated 58%)
  adding: flip_fluids_addon/source/src/engine/collision.cpp (deflated 77%)
  adding: flip_fluids_addon/source/src/engine/meshlevelset.h (deflated 78%)
  adding: flip_fluids_addon/source/src/engine/scalarfield.cpp (deflated 82%)
  adding: flip_fluids_addon/source/src/engine/gridindexvector.cpp (deflated 58%)
  adding: flip_fluids_addon/source/src/engine/stopwatch.cpp (deflated 54%)
  adding: flip_fluids_addon/source/src/engine/fragmentedvector.h (deflated 67%)
  adding: flip_fluids_addon/source/src/engine/aabb.h (deflated 62%)
  adding: flip_fluids_addon/source/src/engine/particlesheeter.cpp (deflated 82%)
  adding: flip_fluids_addon/source/src/engine/meshfluidsource.cpp (deflated 74%)
  adding: flip_fluids_addon/source/src/engine/grid3d.h (deflated 84%)
  adding: flip_fluids_addon/source/src/engine/particlelevelset.h (deflated 69%)
  adding: flip_fluids_addon/source/src/engine/vmath.h (deflated 70%)
  adding: flip_fluids_addon/source/src/engine/turbulencefield.cpp (deflated 69%)
  adding: flip_fluids_addon/__init__.py (deflated 71%)
  adding: flip_fluids_addon/objects/ (stored 0%)
  adding: flip_fluids_addon/objects/flip_fluid_map.py (deflated 59%)
  adding: flip_fluids_addon/objects/flip_fluid_material_library.py (deflated 75%)
  adding: flip_fluids_addon/objects/flip_fluid_preset_stack.py (deflated 79%)
  adding: flip_fluids_addon/objects/flip_fluid_cache.py (deflated 84%)
  adding: flip_fluids_addon/objects/flip_fluid_aabb.py (deflated 64%)
  adding: flip_fluids_addon/objects/flip_fluid_mesh_exporter.py (deflated 83%)
  adding: flip_fluids_addon/objects/__init__.py (deflated 58%)
  adding: flip_fluids_addon/utils/ (stored 0%)
  adding: flip_fluids_addon/utils/export_utils.py (deflated 82%)
  adding: flip_fluids_addon/utils/__init__.py (deflated 47%)
  adding: flip_fluids_addon/utils/ui_utils.py (deflated 67%)
  adding: flip_fluids_addon/utils/version_compatibility_utils.py (deflated 77%)
  adding: flip_fluids_addon/utils/preset_utils.py (deflated 70%)
  adding: flip_fluids_addon/types.py (deflated 64%)
  adding: flip_fluids_addon/export.py (deflated 77%)
  adding: flip_fluids_addon/__init__.py.in (deflated 71%)
  adding: flip_fluids_addon/properties/ (stored 0%)
  adding: flip_fluids_addon/properties/domain_whitewater_properties.py (deflated 81%)
  adding: flip_fluids_addon/properties/custom_properties.py (deflated 70%)
  adding: flip_fluids_addon/properties/domain_materials_properties.py (deflated 82%)
  adding: flip_fluids_addon/properties/material_properties.py (deflated 67%)
  adding: flip_fluids_addon/properties/domain_world_properties.py (deflated 74%)
  adding: flip_fluids_addon/properties/helper_properties.py (deflated 57%)
  adding: flip_fluids_addon/properties/outflow_properties.py (deflated 66%)
  adding: flip_fluids_addon/properties/__init__.py (deflated 66%)
  adding: flip_fluids_addon/properties/domain_stats_properties.py (deflated 83%)
  adding: flip_fluids_addon/properties/fluid_properties.py (deflated 71%)
  adding: flip_fluids_addon/properties/inflow_properties.py (deflated 70%)
  adding: flip_fluids_addon/properties/domain_debug_properties.py (deflated 80%)
  adding: flip_fluids_addon/properties/preset_properties.py (deflated 85%)
  adding: flip_fluids_addon/properties/preferences_properties.py (deflated 70%)
  adding: flip_fluids_addon/properties/domain_cache_properties.py (deflated 72%)
  adding: flip_fluids_addon/properties/domain_render_properties.py (deflated 84%)
  adding: flip_fluids_addon/properties/flip_fluid_properties.py (deflated 74%)
  adding: flip_fluids_addon/properties/obstacle_properties.py (deflated 67%)
  adding: flip_fluids_addon/properties/domain_simulation_properties.py (deflated 79%)
  adding: flip_fluids_addon/properties/domain_presets_properties.py (deflated 77%)
  adding: flip_fluids_addon/properties/object_properties.py (deflated 80%)
  adding: flip_fluids_addon/properties/domain_bake_properties.py (deflated 71%)
  adding: flip_fluids_addon/properties/domain_advanced_properties.py (deflated 73%)
  adding: flip_fluids_addon/properties/domain_surface_properties.py (deflated 73%)
  adding: flip_fluids_addon/properties/domain_properties.py (deflated 80%)
  adding: flip_fluids_addon/icons/ (stored 0%)
  adding: flip_fluids_addon/icons/flip_fluids_logo.png (stored 0%)
  adding: flip_fluids_addon/pyfluid/ (stored 0%)
  adding: flip_fluids_addon/pyfluid/meshobject.py (deflated 78%)
  adding: flip_fluids_addon/pyfluid/trianglemesh.py (deflated 67%)
  adding: flip_fluids_addon/pyfluid/__init__.py (deflated 46%)
  adding: flip_fluids_addon/pyfluid/vector3.py (deflated 72%)
  adding: flip_fluids_addon/pyfluid/gridindex.py (deflated 60%)
  adding: flip_fluids_addon/pyfluid/aabb.py (deflated 73%)
  adding: flip_fluids_addon/pyfluid/array3d.py (deflated 67%)
  adding: flip_fluids_addon/pyfluid/pybindings.py (deflated 51%)
  adding: flip_fluids_addon/pyfluid/method_decorators.py (deflated 74%)
  adding: flip_fluids_addon/pyfluid/pyfluid.py (deflated 54%)
  adding: flip_fluids_addon/pyfluid/lib/ (stored 0%)
  adding: flip_fluids_addon/pyfluid/lib/libblpyfluid.dylib (deflated 65%)
  adding: flip_fluids_addon/pyfluid/gpu_utils.py (deflated 53%)
  adding: flip_fluids_addon/pyfluid/meshfluidsource.py (deflated 82%)
  adding: flip_fluids_addon/pyfluid/fluidsimulation.py (deflated 91%)
  adding: flip_fluids_addon/exit_handler.py (deflated 56%)
  adding: flip_fluids_addon/presets/ (stored 0%)
  adding: flip_fluids_addon/presets/__init__.py (deflated 49%)
  adding: flip_fluids_addon/presets/preset_library.py (deflated 82%)
Done processing. You can now import the addon zip in blender.